
--- Job main-edit.gms Start 09/17/22 22:21:33 40.2.0 6cf3fb9c DEX-DEG x86 64bit/Mac OS X
--- Applying:
    /Library/Frameworks/GAMS.framework/Versions/40/Resources/gmsprmun.txt
--- GAMS Parameters defined
    Input /Users/tawfiq/Desktop/thesis/GAMS/src/main-edit.gms
    PageSize 0
    ScrDir /Users/tawfiq/Desktop/thesis/GAMS/src/225a/
    SysDir /Library/Frameworks/GAMS.framework/Versions/40/Resources/
    LogOption 3
    ErrMsg 1
    ErrorLog 99
    IDE 1
    LstTitleLeftAligned 1
Licensee: GAMS Demo license for TAWFIQ HAFIZI            G220605|0002CO-GEN
          Military Institute, Bangladesh                           DL068940
          /Users/tawfiq/Library/Application Support/GAMS/gamslice.txt
          tawfiqhasan58@gmail.com, TAWFIQ HAFIZI                           
          Demo license for demonstration and instructional purposes only
Processor information: 1 socket(s), 8 core(s), and 8 thread(s) available
GAMS 40.2.0   Copyright (C) 1987-2022 GAMS Development. All rights reserved
--- Starting compilation
--- main-edit.gms(284) 3 Mb 2 Errors
*** Error  10 in /Users/tawfiq/Desktop/thesis/GAMS/src/main-edit.gms
    ',' expected
*** Error 185 in /Users/tawfiq/Desktop/thesis/GAMS/src/main-edit.gms
    Set identifier or '*' expected
--- main-edit.gms(408) 3 Mb 3 Errors
*** Error 257 in /Users/tawfiq/Desktop/thesis/GAMS/src/main-edit.gms
    Solve statement not checked because of previous errors
--- main-edit.gms(408) 3 Mb 3 Errors
*** Status: Compilation error(s)
--- Job main-edit.gms Stop 09/17/22 22:21:33 elapsed 0:00:00.010
